<?xml version="1.0" encoding="UTF-8"?>
<testsuite xmlns:xsi="http://www.w3.org/2001/XMLSchema-instance" xsi:noNamespaceSchemaLocation="https://maven.apache.org/surefire/maven-surefire-plugin/xsd/surefire-test-report-3.0.xsd" version="3.0" name="com.oxyl.coursepfback.controller.PlanteControllerTest" time="0.585" tests="7" errors="0" skipped="0" failures="0">
  <properties>
    <property name="java.specification.version" value="21"/>
    <property name="sun.jnu.encoding" value="UTF-8"/>
    <property name="java.class.path" value="/Users/vicram/Downloads/projet_pvz/target/test-classes:/Users/vicram/Downloads/projet_pvz/target/classes:/Users/vicram/.m2/repository/org/springframework/spring-webmvc/6.2.2/spring-webmvc-6.2.2.jar:/Users/vicram/.m2/repository/org/springframework/spring-aop/6.2.2/spring-aop-6.2.2.jar:/Users/vicram/.m2/repository/org/springframework/spring-beans/6.2.2/spring-beans-6.2.2.jar:/Users/vicram/.m2/repository/org/springframework/spring-context/6.2.2/spring-context-6.2.2.jar:/Users/vicram/.m2/repository/io/micrometer/micrometer-observation/1.14.3/micrometer-observation-1.14.3.jar:/Users/vicram/.m2/repository/io/micrometer/micrometer-commons/1.14.3/micrometer-commons-1.14.3.jar:/Users/vicram/.m2/repository/org/springframework/spring-core/6.2.2/spring-core-6.2.2.jar:/Users/vicram/.m2/repository/org/springframework/spring-jcl/6.2.2/spring-jcl-6.2.2.jar:/Users/vicram/.m2/repository/org/springframework/spring-expression/6.2.2/spring-expression-6.2.2.jar:/Users/vicram/.m2/repository/org/springframework/spring-web/6.2.2/spring-web-6.2.2.jar:/Users/vicram/.m2/repository/org/springframework/spring-jdbc/6.1.13/spring-jdbc-6.1.13.jar:/Users/vicram/.m2/repository/org/springframework/spring-tx/6.1.13/spring-tx-6.1.13.jar:/Users/vicram/.m2/repository/com/mysql/mysql-connector-j/8.0.33/mysql-connector-j-8.0.33.jar:/Users/vicram/.m2/repository/com/google/protobuf/protobuf-java/3.21.9/protobuf-java-3.21.9.jar:/Users/vicram/.m2/repository/com/fasterxml/jackson/core/jackson-databind/2.18.2/jackson-databind-2.18.2.jar:/Users/vicram/.m2/repository/com/fasterxml/jackson/core/jackson-annotations/2.18.2/jackson-annotations-2.18.2.jar:/Users/vicram/.m2/repository/com/fasterxml/jackson/core/jackson-core/2.18.2/jackson-core-2.18.2.jar:/Users/vicram/.m2/repository/jakarta/servlet/jakarta.servlet-api/6.1.0/jakarta.servlet-api-6.1.0.jar:/Users/vicram/.m2/repository/org/junit/jupiter/junit-jupiter-api/5.9.3/junit-jupiter-api-5.9.3.jar:/Users/vicram/.m2/repository/org/opentest4j/opentest4j/1.2.0/opentest4j-1.2.0.jar:/Users/vicram/.m2/repository/org/junit/platform/junit-platform-commons/1.9.3/junit-platform-commons-1.9.3.jar:/Users/vicram/.m2/repository/org/apiguardian/apiguardian-api/1.1.2/apiguardian-api-1.1.2.jar:/Users/vicram/.m2/repository/org/junit/jupiter/junit-jupiter-engine/5.9.3/junit-jupiter-engine-5.9.3.jar:/Users/vicram/.m2/repository/org/junit/platform/junit-platform-engine/1.9.3/junit-platform-engine-1.9.3.jar:/Users/vicram/.m2/repository/org/mockito/mockito-core/4.0.0/mockito-core-4.0.0.jar:/Users/vicram/.m2/repository/net/bytebuddy/byte-buddy/1.11.19/byte-buddy-1.11.19.jar:/Users/vicram/.m2/repository/net/bytebuddy/byte-buddy-agent/1.11.19/byte-buddy-agent-1.11.19.jar:/Users/vicram/.m2/repository/org/objenesis/objenesis/3.2/objenesis-3.2.jar:/Users/vicram/.m2/repository/org/mockito/mockito-junit-jupiter/4.0.0/mockito-junit-jupiter-4.0.0.jar:/Users/vicram/.m2/repository/ch/qos/logback/logback-classic/1.5.16/logback-classic-1.5.16.jar:/Users/vicram/.m2/repository/ch/qos/logback/logback-core/1.5.16/logback-core-1.5.16.jar:/Users/vicram/.m2/repository/org/slf4j/slf4j-api/2.0.16/slf4j-api-2.0.16.jar:/Users/vicram/.m2/repository/org/springframework/spring-test/6.2.2/spring-test-6.2.2.jar:/Users/vicram/.m2/repository/org/hamcrest/hamcrest/2.2/hamcrest-2.2.jar:/Users/vicram/.m2/repository/com/jayway/jsonpath/json-path/2.6.0/json-path-2.6.0.jar:/Users/vicram/.m2/repository/net/minidev/json-smart/2.4.7/json-smart-2.4.7.jar:/Users/vicram/.m2/repository/net/minidev/accessors-smart/2.4.7/accessors-smart-2.4.7.jar:/Users/vicram/.m2/repository/org/ow2/asm/asm/9.1/asm-9.1.jar:"/>
    <property name="java.vm.vendor" value="Eclipse Adoptium"/>
    <property name="sun.arch.data.model" value="64"/>
    <property name="java.vendor.url" value="https://adoptium.net/"/>
    <property name="user.timezone" value="Europe/Paris"/>
    <property name="os.name" value="Mac OS X"/>
    <property name="java.vm.specification.version" value="21"/>
    <property name="sun.java.launcher" value="SUN_STANDARD"/>
    <property name="user.country" value="FR"/>
    <property name="sun.boot.library.path" value="/Library/Java/JavaVirtualMachines/temurin-21.jdk/Contents/Home/lib"/>
    <property name="sun.java.command" value="/Users/vicram/Downloads/projet_pvz/target/surefire/surefirebooter7329221493173039659.jar /Users/vicram/Downloads/projet_pvz/target/surefire 2025-04-16T18-14-28_093-jvmRun1 surefire511913184537588559tmp surefire_05123602929939349657tmp"/>
    <property name="http.nonProxyHosts" value="local|*.local|169.254/16|*.169.254/16"/>
    <property name="jdk.debug" value="release"/>
    <property name="surefire.test.class.path" value="/Users/vicram/Downloads/projet_pvz/target/test-classes:/Users/vicram/Downloads/projet_pvz/target/classes:/Users/vicram/.m2/repository/org/springframework/spring-webmvc/6.2.2/spring-webmvc-6.2.2.jar:/Users/vicram/.m2/repository/org/springframework/spring-aop/6.2.2/spring-aop-6.2.2.jar:/Users/vicram/.m2/repository/org/springframework/spring-beans/6.2.2/spring-beans-6.2.2.jar:/Users/vicram/.m2/repository/org/springframework/spring-context/6.2.2/spring-context-6.2.2.jar:/Users/vicram/.m2/repository/io/micrometer/micrometer-observation/1.14.3/micrometer-observation-1.14.3.jar:/Users/vicram/.m2/repository/io/micrometer/micrometer-commons/1.14.3/micrometer-commons-1.14.3.jar:/Users/vicram/.m2/repository/org/springframework/spring-core/6.2.2/spring-core-6.2.2.jar:/Users/vicram/.m2/repository/org/springframework/spring-jcl/6.2.2/spring-jcl-6.2.2.jar:/Users/vicram/.m2/repository/org/springframework/spring-expression/6.2.2/spring-expression-6.2.2.jar:/Users/vicram/.m2/repository/org/springframework/spring-web/6.2.2/spring-web-6.2.2.jar:/Users/vicram/.m2/repository/org/springframework/spring-jdbc/6.1.13/spring-jdbc-6.1.13.jar:/Users/vicram/.m2/repository/org/springframework/spring-tx/6.1.13/spring-tx-6.1.13.jar:/Users/vicram/.m2/repository/com/mysql/mysql-connector-j/8.0.33/mysql-connector-j-8.0.33.jar:/Users/vicram/.m2/repository/com/google/protobuf/protobuf-java/3.21.9/protobuf-java-3.21.9.jar:/Users/vicram/.m2/repository/com/fasterxml/jackson/core/jackson-databind/2.18.2/jackson-databind-2.18.2.jar:/Users/vicram/.m2/repository/com/fasterxml/jackson/core/jackson-annotations/2.18.2/jackson-annotations-2.18.2.jar:/Users/vicram/.m2/repository/com/fasterxml/jackson/core/jackson-core/2.18.2/jackson-core-2.18.2.jar:/Users/vicram/.m2/repository/jakarta/servlet/jakarta.servlet-api/6.1.0/jakarta.servlet-api-6.1.0.jar:/Users/vicram/.m2/repository/org/junit/jupiter/junit-jupiter-api/5.9.3/junit-jupiter-api-5.9.3.jar:/Users/vicram/.m2/repository/org/opentest4j/opentest4j/1.2.0/opentest4j-1.2.0.jar:/Users/vicram/.m2/repository/org/junit/platform/junit-platform-commons/1.9.3/junit-platform-commons-1.9.3.jar:/Users/vicram/.m2/repository/org/apiguardian/apiguardian-api/1.1.2/apiguardian-api-1.1.2.jar:/Users/vicram/.m2/repository/org/junit/jupiter/junit-jupiter-engine/5.9.3/junit-jupiter-engine-5.9.3.jar:/Users/vicram/.m2/repository/org/junit/platform/junit-platform-engine/1.9.3/junit-platform-engine-1.9.3.jar:/Users/vicram/.m2/repository/org/mockito/mockito-core/4.0.0/mockito-core-4.0.0.jar:/Users/vicram/.m2/repository/net/bytebuddy/byte-buddy/1.11.19/byte-buddy-1.11.19.jar:/Users/vicram/.m2/repository/net/bytebuddy/byte-buddy-agent/1.11.19/byte-buddy-agent-1.11.19.jar:/Users/vicram/.m2/repository/org/objenesis/objenesis/3.2/objenesis-3.2.jar:/Users/vicram/.m2/repository/org/mockito/mockito-junit-jupiter/4.0.0/mockito-junit-jupiter-4.0.0.jar:/Users/vicram/.m2/repository/ch/qos/logback/logback-classic/1.5.16/logback-classic-1.5.16.jar:/Users/vicram/.m2/repository/ch/qos/logback/logback-core/1.5.16/logback-core-1.5.16.jar:/Users/vicram/.m2/repository/org/slf4j/slf4j-api/2.0.16/slf4j-api-2.0.16.jar:/Users/vicram/.m2/repository/org/springframework/spring-test/6.2.2/spring-test-6.2.2.jar:/Users/vicram/.m2/repository/org/hamcrest/hamcrest/2.2/hamcrest-2.2.jar:/Users/vicram/.m2/repository/com/jayway/jsonpath/json-path/2.6.0/json-path-2.6.0.jar:/Users/vicram/.m2/repository/net/minidev/json-smart/2.4.7/json-smart-2.4.7.jar:/Users/vicram/.m2/repository/net/minidev/accessors-smart/2.4.7/accessors-smart-2.4.7.jar:/Users/vicram/.m2/repository/org/ow2/asm/asm/9.1/asm-9.1.jar:"/>
    <property name="sun.cpu.endian" value="little"/>
    <property name="user.home" value="/Users/vicram"/>
    <property name="user.language" value="fr"/>
    <property name="java.specification.vendor" value="Oracle Corporation"/>
    <property name="java.version.date" value="2024-04-16"/>
    <property name="java.home" value="/Library/Java/JavaVirtualMachines/temurin-21.jdk/Contents/Home"/>
    <property name="file.separator" value="/"/>
    <property name="basedir" value="/Users/vicram/Downloads/projet_pvz"/>
    <property name="java.vm.compressedOopsMode" value="Zero based"/>
    <property name="line.separator" value="&#10;"/>
    <property name="java.vm.specification.vendor" value="Oracle Corporation"/>
    <property name="java.specification.name" value="Java Platform API Specification"/>
    <property name="apple.awt.application.name" value="ForkedBooter"/>
    <property name="surefire.real.class.path" value="/Users/vicram/Downloads/projet_pvz/target/surefire/surefirebooter7329221493173039659.jar"/>
    <property name="sun.management.compiler" value="HotSpot 64-Bit Tiered Compilers"/>
    <property name="ftp.nonProxyHosts" value="local|*.local|169.254/16|*.169.254/16"/>
    <property name="java.runtime.version" value="21.0.3+9-LTS"/>
    <property name="user.name" value="vicram"/>
    <property name="stdout.encoding" value="UTF-8"/>
    <property name="path.separator" value=":"/>
    <property name="os.version" value="15.1.1"/>
    <property name="java.runtime.name" value="OpenJDK Runtime Environment"/>
    <property name="file.encoding" value="UTF-8"/>
    <property name="java.vm.name" value="OpenJDK 64-Bit Server VM"/>
    <property name="java.vendor.version" value="Temurin-21.0.3+9"/>
    <property name="localRepository" value="/Users/vicram/.m2/repository"/>
    <property name="java.vendor.url.bug" value="https://github.com/adoptium/adoptium-support/issues"/>
    <property name="java.io.tmpdir" value="/var/folders/60/t2zk21bj5fz3mwg549f7m0w40000gn/T/"/>
    <property name="java.version" value="21.0.3"/>
    <property name="user.dir" value="/Users/vicram/Downloads/projet_pvz"/>
    <property name="os.arch" value="aarch64"/>
    <property name="java.vm.specification.name" value="Java Virtual Machine Specification"/>
    <property name="native.encoding" value="UTF-8"/>
    <property name="java.library.path" value="/Users/vicram/Library/Java/Extensions:/Library/Java/Extensions:/Network/Library/Java/Extensions:/System/Library/Java/Extensions:/usr/lib/java:."/>
    <property name="java.vm.info" value="mixed mode"/>
    <property name="stderr.encoding" value="UTF-8"/>
    <property name="java.vendor" value="Eclipse Adoptium"/>
    <property name="java.vm.version" value="21.0.3+9-LTS"/>
    <property name="sun.io.unicode.encoding" value="UnicodeBig"/>
    <property name="socksNonProxyHosts" value="local|*.local|169.254/16|*.169.254/16"/>
    <property name="java.class.version" value="65.0"/>
  </properties>
  <testcase name="testValidatePlantes_valid" classname="com.oxyl.coursepfback.controller.PlanteControllerTest" time="0.412">
    <system-out><![CDATA[18:14:29.450 [main] DEBUG _org.springframework.web.servlet.HandlerMapping.Mappings -- 
	c.o.c.c.PlanteController:
	{GET [/plantes], produces [application/json]}: getAllPlantes()
	{GET [/plantes/{id}], produces [application/json]}: getPlanteById(int)
	{POST [/plantes], consumes [application/json], produces [application/json]}: addPlante(Plante)
	{PUT [/plantes/{id}], consumes [application/json], produces [application/json]}: updatePlante(int,Plante)
	{DELETE [/plantes/{id}], produces [application/json]}: deletePlante(int)
	{GET [/plantes/validation], produces [application/json]}: validatePlantes()
18:14:29.461 [main] DEBUG org.springframework.web.servlet.mvc.method.annotation.RequestMappingHandlerMapping -- 6 mappings in org.springframework.web.servlet.mvc.method.annotation.RequestMappingHandlerMapping
18:14:29.578 [main] DEBUG org.springframework.web.servlet.mvc.method.annotation.RequestMappingHandlerAdapter -- ControllerAdvice beans: 0 @ModelAttribute, 0 @InitBinder, 1 RequestBodyAdvice, 1 ResponseBodyAdvice
18:14:29.594 [main] DEBUG org.springframework.web.servlet.mvc.method.annotation.ExceptionHandlerExceptionResolver -- ControllerAdvice beans: 0 @ExceptionHandler, 1 ResponseBodyAdvice
18:14:29.607 [main] INFO org.springframework.mock.web.MockServletContext -- Initializing Spring TestDispatcherServlet ''
18:14:29.607 [main] INFO org.springframework.test.web.servlet.TestDispatcherServlet -- Initializing Servlet ''
18:14:29.608 [main] DEBUG org.springframework.test.web.servlet.TestDispatcherServlet -- Detected AcceptHeaderLocaleResolver
18:14:29.608 [main] DEBUG org.springframework.test.web.servlet.TestDispatcherServlet -- Detected FixedThemeResolver
18:14:29.609 [main] DEBUG org.springframework.test.web.servlet.TestDispatcherServlet -- Detected org.springframework.web.servlet.view.DefaultRequestToViewNameTranslator@3a2d3909
18:14:29.609 [main] DEBUG org.springframework.test.web.servlet.TestDispatcherServlet -- Detected org.springframework.web.servlet.support.SessionFlashMapManager@4fb392c4
18:14:29.609 [main] DEBUG org.springframework.test.web.servlet.TestDispatcherServlet -- enableLoggingRequestDetails='false': request parameters and headers will be masked to prevent unsafe logging of potentially sensitive data
18:14:29.610 [main] INFO org.springframework.test.web.servlet.TestDispatcherServlet -- Completed initialization in 2 ms
18:14:29.631 [main] DEBUG org.springframework.test.web.servlet.TestDispatcherServlet -- GET "/plantes/validation", parameters={}
18:14:29.639 [main] DEBUG org.springframework.web.servlet.mvc.method.annotation.RequestMappingHandlerMapping -- Mapped to com.oxyl.coursepfback.controller.PlanteController#validatePlantes()
18:14:29.646 [main] INFO com.oxyl.coursepfback.controller.PlanteController -- 🔍 Validation des données des plantes...
18:14:29.653 [main] DEBUG org.springframework.web.servlet.mvc.method.annotation.HttpEntityMethodProcessor -- Using 'application/json', given [*/*] and supported [application/json]
18:14:29.654 [main] DEBUG org.springframework.web.servlet.mvc.method.annotation.HttpEntityMethodProcessor -- Writing ["Toutes les plantes sont valides"]
18:14:29.656 [main] DEBUG org.springframework.test.web.servlet.TestDispatcherServlet -- Completed 200 OK
]]></system-out>
  </testcase>
  <testcase name="testGetAllPlantes" classname="com.oxyl.coursepfback.controller.PlanteControllerTest" time="0.066">
    <system-out><![CDATA[18:14:29.663 [main] DEBUG _org.springframework.web.servlet.HandlerMapping.Mappings -- 
	c.o.c.c.PlanteController:
	{GET [/plantes], produces [application/json]}: getAllPlantes()
	{GET [/plantes/{id}], produces [application/json]}: getPlanteById(int)
	{POST [/plantes], consumes [application/json], produces [application/json]}: addPlante(Plante)
	{PUT [/plantes/{id}], consumes [application/json], produces [application/json]}: updatePlante(int,Plante)
	{DELETE [/plantes/{id}], produces [application/json]}: deletePlante(int)
	{GET [/plantes/validation], produces [application/json]}: validatePlantes()
18:14:29.664 [main] DEBUG org.springframework.web.servlet.mvc.method.annotation.RequestMappingHandlerMapping -- 6 mappings in org.springframework.web.servlet.mvc.method.annotation.RequestMappingHandlerMapping
18:14:29.665 [main] DEBUG org.springframework.web.servlet.mvc.method.annotation.RequestMappingHandlerAdapter -- ControllerAdvice beans: 0 @ModelAttribute, 0 @InitBinder, 1 RequestBodyAdvice, 1 ResponseBodyAdvice
18:14:29.665 [main] DEBUG org.springframework.web.servlet.mvc.method.annotation.ExceptionHandlerExceptionResolver -- ControllerAdvice beans: 0 @ExceptionHandler, 1 ResponseBodyAdvice
18:14:29.665 [main] INFO org.springframework.mock.web.MockServletContext -- Initializing Spring TestDispatcherServlet ''
18:14:29.665 [main] INFO org.springframework.test.web.servlet.TestDispatcherServlet -- Initializing Servlet ''
18:14:29.665 [main] DEBUG org.springframework.test.web.servlet.TestDispatcherServlet -- Detected AcceptHeaderLocaleResolver
18:14:29.665 [main] DEBUG org.springframework.test.web.servlet.TestDispatcherServlet -- Detected FixedThemeResolver
18:14:29.665 [main] DEBUG org.springframework.test.web.servlet.TestDispatcherServlet -- Detected org.springframework.web.servlet.view.DefaultRequestToViewNameTranslator@590f0c50
18:14:29.665 [main] DEBUG org.springframework.test.web.servlet.TestDispatcherServlet -- Detected org.springframework.web.servlet.support.SessionFlashMapManager@208f0007
18:14:29.665 [main] DEBUG org.springframework.test.web.servlet.TestDispatcherServlet -- enableLoggingRequestDetails='false': request parameters and headers will be masked to prevent unsafe logging of potentially sensitive data
18:14:29.665 [main] INFO org.springframework.test.web.servlet.TestDispatcherServlet -- Completed initialization in 0 ms
18:14:29.666 [main] DEBUG org.springframework.test.web.servlet.TestDispatcherServlet -- GET "/plantes", parameters={}
18:14:29.666 [main] DEBUG org.springframework.web.servlet.mvc.method.annotation.RequestMappingHandlerMapping -- Mapped to com.oxyl.coursepfback.controller.PlanteController#getAllPlantes()
18:14:29.666 [main] INFO com.oxyl.coursepfback.controller.PlanteController -- 🔍 Récupération de toutes les plantes...
18:14:29.667 [main] DEBUG org.springframework.web.servlet.mvc.method.annotation.HttpEntityMethodProcessor -- Using 'application/json', given [*/*] and supported [application/json]
18:14:29.684 [main] DEBUG org.springframework.web.servlet.mvc.method.annotation.HttpEntityMethodProcessor -- Writing [[Plante{id=1, nom='Tournesol', pointDeVie=100, attaqueParSeconde=0.0, degatAttaque=0, cout=50, solei (truncated)...]
18:14:29.703 [main] DEBUG org.springframework.test.web.servlet.TestDispatcherServlet -- Completed 200 OK
18:14:29.722 [main] DEBUG com.jayway.jsonpath.internal.path.CompiledPath -- Evaluating path: $[0]['nom']
]]></system-out>
  </testcase>
  <testcase name="testAddPlante_success" classname="com.oxyl.coursepfback.controller.PlanteControllerTest" time="0.054">
    <system-out><![CDATA[18:14:29.731 [main] DEBUG _org.springframework.web.servlet.HandlerMapping.Mappings -- 
	c.o.c.c.PlanteController:
	{GET [/plantes], produces [application/json]}: getAllPlantes()
	{GET [/plantes/{id}], produces [application/json]}: getPlanteById(int)
	{POST [/plantes], consumes [application/json], produces [application/json]}: addPlante(Plante)
	{PUT [/plantes/{id}], consumes [application/json], produces [application/json]}: updatePlante(int,Plante)
	{DELETE [/plantes/{id}], produces [application/json]}: deletePlante(int)
	{GET [/plantes/validation], produces [application/json]}: validatePlantes()
18:14:29.732 [main] DEBUG org.springframework.web.servlet.mvc.method.annotation.RequestMappingHandlerMapping -- 6 mappings in org.springframework.web.servlet.mvc.method.annotation.RequestMappingHandlerMapping
18:14:29.733 [main] DEBUG org.springframework.web.servlet.mvc.method.annotation.RequestMappingHandlerAdapter -- ControllerAdvice beans: 0 @ModelAttribute, 0 @InitBinder, 1 RequestBodyAdvice, 1 ResponseBodyAdvice
18:14:29.733 [main] DEBUG org.springframework.web.servlet.mvc.method.annotation.ExceptionHandlerExceptionResolver -- ControllerAdvice beans: 0 @ExceptionHandler, 1 ResponseBodyAdvice
18:14:29.733 [main] INFO org.springframework.mock.web.MockServletContext -- Initializing Spring TestDispatcherServlet ''
18:14:29.733 [main] INFO org.springframework.test.web.servlet.TestDispatcherServlet -- Initializing Servlet ''
18:14:29.734 [main] DEBUG org.springframework.test.web.servlet.TestDispatcherServlet -- Detected AcceptHeaderLocaleResolver
18:14:29.734 [main] DEBUG org.springframework.test.web.servlet.TestDispatcherServlet -- Detected FixedThemeResolver
18:14:29.734 [main] DEBUG org.springframework.test.web.servlet.TestDispatcherServlet -- Detected org.springframework.web.servlet.view.DefaultRequestToViewNameTranslator@6ccac6f4
18:14:29.734 [main] DEBUG org.springframework.test.web.servlet.TestDispatcherServlet -- Detected org.springframework.web.servlet.support.SessionFlashMapManager@438c9aa7
18:14:29.734 [main] DEBUG org.springframework.test.web.servlet.TestDispatcherServlet -- enableLoggingRequestDetails='false': request parameters and headers will be masked to prevent unsafe logging of potentially sensitive data
18:14:29.734 [main] INFO org.springframework.test.web.servlet.TestDispatcherServlet -- Completed initialization in 0 ms
18:14:29.737 [main] DEBUG org.springframework.test.web.servlet.TestDispatcherServlet -- POST "/plantes", parameters={}
18:14:29.738 [main] DEBUG org.springframework.web.servlet.mvc.method.annotation.RequestMappingHandlerMapping -- Mapped to com.oxyl.coursepfback.controller.PlanteController#addPlante(Plante)
18:14:29.768 [main] DEBUG org.springframework.web.servlet.mvc.method.annotation.RequestResponseBodyMethodProcessor -- Read "application/json" to [Plante{id=null, nom='Mur-Noix', pointDeVie=300, attaqueParSeconde=0.0, degatAttaque=0, cout=50, sole (truncated)...]
18:14:29.777 [main] INFO com.oxyl.coursepfback.controller.PlanteController -- ➕ Ajout d'une nouvelle plante: Mur-Noix
18:14:29.777 [main] DEBUG org.springframework.web.servlet.mvc.method.annotation.HttpEntityMethodProcessor -- Using 'application/json', given [*/*] and supported [application/json]
18:14:29.778 [main] DEBUG org.springframework.web.servlet.mvc.method.annotation.HttpEntityMethodProcessor -- Writing ["Plante ajoutée !"]
18:14:29.778 [main] DEBUG org.springframework.test.web.servlet.TestDispatcherServlet -- Completed 201 CREATED
]]></system-out>
  </testcase>
  <testcase name="testUpdatePlante_success" classname="com.oxyl.coursepfback.controller.PlanteControllerTest" time="0.016">
    <system-out><![CDATA[18:14:29.783 [main] DEBUG _org.springframework.web.servlet.HandlerMapping.Mappings -- 
	c.o.c.c.PlanteController:
	{GET [/plantes], produces [application/json]}: getAllPlantes()
	{GET [/plantes/{id}], produces [application/json]}: getPlanteById(int)
	{POST [/plantes], consumes [application/json], produces [application/json]}: addPlante(Plante)
	{PUT [/plantes/{id}], consumes [application/json], produces [application/json]}: updatePlante(int,Plante)
	{DELETE [/plantes/{id}], produces [application/json]}: deletePlante(int)
	{GET [/plantes/validation], produces [application/json]}: validatePlantes()
18:14:29.784 [main] DEBUG org.springframework.web.servlet.mvc.method.annotation.RequestMappingHandlerMapping -- 6 mappings in org.springframework.web.servlet.mvc.method.annotation.RequestMappingHandlerMapping
18:14:29.784 [main] DEBUG org.springframework.web.servlet.mvc.method.annotation.RequestMappingHandlerAdapter -- ControllerAdvice beans: 0 @ModelAttribute, 0 @InitBinder, 1 RequestBodyAdvice, 1 ResponseBodyAdvice
18:14:29.784 [main] DEBUG org.springframework.web.servlet.mvc.method.annotation.ExceptionHandlerExceptionResolver -- ControllerAdvice beans: 0 @ExceptionHandler, 1 ResponseBodyAdvice
18:14:29.785 [main] INFO org.springframework.mock.web.MockServletContext -- Initializing Spring TestDispatcherServlet ''
18:14:29.785 [main] INFO org.springframework.test.web.servlet.TestDispatcherServlet -- Initializing Servlet ''
18:14:29.785 [main] DEBUG org.springframework.test.web.servlet.TestDispatcherServlet -- Detected AcceptHeaderLocaleResolver
18:14:29.785 [main] DEBUG org.springframework.test.web.servlet.TestDispatcherServlet -- Detected FixedThemeResolver
18:14:29.785 [main] DEBUG org.springframework.test.web.servlet.TestDispatcherServlet -- Detected org.springframework.web.servlet.view.DefaultRequestToViewNameTranslator@7061622
18:14:29.785 [main] DEBUG org.springframework.test.web.servlet.TestDispatcherServlet -- Detected org.springframework.web.servlet.support.SessionFlashMapManager@32d418a9
18:14:29.785 [main] DEBUG org.springframework.test.web.servlet.TestDispatcherServlet -- enableLoggingRequestDetails='false': request parameters and headers will be masked to prevent unsafe logging of potentially sensitive data
18:14:29.785 [main] INFO org.springframework.test.web.servlet.TestDispatcherServlet -- Completed initialization in 0 ms
18:14:29.787 [main] DEBUG org.springframework.test.web.servlet.TestDispatcherServlet -- PUT "/plantes/1", parameters={}
18:14:29.787 [main] DEBUG org.springframework.web.servlet.mvc.method.annotation.RequestMappingHandlerMapping -- Mapped to com.oxyl.coursepfback.controller.PlanteController#updatePlante(int, Plante)
18:14:29.790 [main] DEBUG org.springframework.web.servlet.mvc.method.annotation.RequestResponseBodyMethodProcessor -- Read "application/json" to [Plante{id=null, nom='Tournesol+', pointDeVie=120, attaqueParSeconde=0.0, degatAttaque=0, cout=60, so (truncated)...]
18:14:29.792 [main] INFO com.oxyl.coursepfback.controller.PlanteController -- 🔄 Mise à jour de la plante avec ID: 1
18:14:29.793 [main] INFO com.oxyl.coursepfback.controller.PlanteController -- 🪴 Données reçues : Plante{id=null, nom='Tournesol+', pointDeVie=120, attaqueParSeconde=0.0, degatAttaque=0, cout=60, soleilParSeconde=1.2, effet='soleil+', cheminImage='/img.png'}
18:14:29.793 [main] DEBUG org.springframework.web.servlet.mvc.method.annotation.HttpEntityMethodProcessor -- Using 'application/json', given [*/*] and supported [application/json]
18:14:29.793 [main] DEBUG org.springframework.web.servlet.mvc.method.annotation.HttpEntityMethodProcessor -- Writing ["Plante mise à jour !"]
18:14:29.793 [main] DEBUG org.springframework.test.web.servlet.TestDispatcherServlet -- Completed 200 OK
]]></system-out>
  </testcase>
  <testcase name="testGetPlanteById_notFound" classname="com.oxyl.coursepfback.controller.PlanteControllerTest" time="0.013">
    <system-out><![CDATA[18:14:29.800 [main] DEBUG _org.springframework.web.servlet.HandlerMapping.Mappings -- 
	c.o.c.c.PlanteController:
	{GET [/plantes], produces [application/json]}: getAllPlantes()
	{GET [/plantes/{id}], produces [application/json]}: getPlanteById(int)
	{POST [/plantes], consumes [application/json], produces [application/json]}: addPlante(Plante)
	{PUT [/plantes/{id}], consumes [application/json], produces [application/json]}: updatePlante(int,Plante)
	{DELETE [/plantes/{id}], produces [application/json]}: deletePlante(int)
	{GET [/plantes/validation], produces [application/json]}: validatePlantes()
18:14:29.801 [main] DEBUG org.springframework.web.servlet.mvc.method.annotation.RequestMappingHandlerMapping -- 6 mappings in org.springframework.web.servlet.mvc.method.annotation.RequestMappingHandlerMapping
18:14:29.802 [main] DEBUG org.springframework.web.servlet.mvc.method.annotation.RequestMappingHandlerAdapter -- ControllerAdvice beans: 0 @ModelAttribute, 0 @InitBinder, 1 RequestBodyAdvice, 1 ResponseBodyAdvice
18:14:29.802 [main] DEBUG org.springframework.web.servlet.mvc.method.annotation.ExceptionHandlerExceptionResolver -- ControllerAdvice beans: 0 @ExceptionHandler, 1 ResponseBodyAdvice
18:14:29.802 [main] INFO org.springframework.mock.web.MockServletContext -- Initializing Spring TestDispatcherServlet ''
18:14:29.802 [main] INFO org.springframework.test.web.servlet.TestDispatcherServlet -- Initializing Servlet ''
18:14:29.802 [main] DEBUG org.springframework.test.web.servlet.TestDispatcherServlet -- Detected AcceptHeaderLocaleResolver
18:14:29.802 [main] DEBUG org.springframework.test.web.servlet.TestDispatcherServlet -- Detected FixedThemeResolver
18:14:29.802 [main] DEBUG org.springframework.test.web.servlet.TestDispatcherServlet -- Detected org.springframework.web.servlet.view.DefaultRequestToViewNameTranslator@73041b7d
18:14:29.802 [main] DEBUG org.springframework.test.web.servlet.TestDispatcherServlet -- Detected org.springframework.web.servlet.support.SessionFlashMapManager@1235151c
18:14:29.802 [main] DEBUG org.springframework.test.web.servlet.TestDispatcherServlet -- enableLoggingRequestDetails='false': request parameters and headers will be masked to prevent unsafe logging of potentially sensitive data
18:14:29.802 [main] INFO org.springframework.test.web.servlet.TestDispatcherServlet -- Completed initialization in 0 ms
18:14:29.803 [main] DEBUG org.springframework.test.web.servlet.TestDispatcherServlet -- GET "/plantes/999", parameters={}
18:14:29.804 [main] DEBUG org.springframework.web.servlet.mvc.method.annotation.RequestMappingHandlerMapping -- Mapped to com.oxyl.coursepfback.controller.PlanteController#getPlanteById(int)
18:14:29.805 [main] INFO com.oxyl.coursepfback.controller.PlanteController -- 🔍 Récupération de la plante avec ID: 999
18:14:29.805 [main] WARN com.oxyl.coursepfback.controller.PlanteController --  Plante non trouvée avec ID: 999
18:14:29.805 [main] DEBUG org.springframework.web.servlet.mvc.method.annotation.HttpEntityMethodProcessor -- Using 'application/json', given [*/*] and supported [application/json]
18:14:29.807 [main] DEBUG org.springframework.web.servlet.mvc.method.annotation.HttpEntityMethodProcessor -- Nothing to write: null body
18:14:29.807 [main] DEBUG org.springframework.test.web.servlet.TestDispatcherServlet -- Completed 404 NOT_FOUND
]]></system-out>
  </testcase>
  <testcase name="testDeletePlante_success" classname="com.oxyl.coursepfback.controller.PlanteControllerTest" time="0.011">
    <system-out><![CDATA[18:14:29.813 [main] DEBUG _org.springframework.web.servlet.HandlerMapping.Mappings -- 
	c.o.c.c.PlanteController:
	{GET [/plantes], produces [application/json]}: getAllPlantes()
	{GET [/plantes/{id}], produces [application/json]}: getPlanteById(int)
	{POST [/plantes], consumes [application/json], produces [application/json]}: addPlante(Plante)
	{PUT [/plantes/{id}], consumes [application/json], produces [application/json]}: updatePlante(int,Plante)
	{DELETE [/plantes/{id}], produces [application/json]}: deletePlante(int)
	{GET [/plantes/validation], produces [application/json]}: validatePlantes()
18:14:29.814 [main] DEBUG org.springframework.web.servlet.mvc.method.annotation.RequestMappingHandlerMapping -- 6 mappings in org.springframework.web.servlet.mvc.method.annotation.RequestMappingHandlerMapping
18:14:29.815 [main] DEBUG org.springframework.web.servlet.mvc.method.annotation.RequestMappingHandlerAdapter -- ControllerAdvice beans: 0 @ModelAttribute, 0 @InitBinder, 1 RequestBodyAdvice, 1 ResponseBodyAdvice
18:14:29.816 [main] DEBUG org.springframework.web.servlet.mvc.method.annotation.ExceptionHandlerExceptionResolver -- ControllerAdvice beans: 0 @ExceptionHandler, 1 ResponseBodyAdvice
18:14:29.816 [main] INFO org.springframework.mock.web.MockServletContext -- Initializing Spring TestDispatcherServlet ''
18:14:29.816 [main] INFO org.springframework.test.web.servlet.TestDispatcherServlet -- Initializing Servlet ''
18:14:29.816 [main] DEBUG org.springframework.test.web.servlet.TestDispatcherServlet -- Detected AcceptHeaderLocaleResolver
18:14:29.816 [main] DEBUG org.springframework.test.web.servlet.TestDispatcherServlet -- Detected FixedThemeResolver
18:14:29.816 [main] DEBUG org.springframework.test.web.servlet.TestDispatcherServlet -- Detected org.springframework.web.servlet.view.DefaultRequestToViewNameTranslator@3a479fda
18:14:29.816 [main] DEBUG org.springframework.test.web.servlet.TestDispatcherServlet -- Detected org.springframework.web.servlet.support.SessionFlashMapManager@8a6631b
18:14:29.816 [main] DEBUG org.springframework.test.web.servlet.TestDispatcherServlet -- enableLoggingRequestDetails='false': request parameters and headers will be masked to prevent unsafe logging of potentially sensitive data
18:14:29.816 [main] INFO org.springframework.test.web.servlet.TestDispatcherServlet -- Completed initialization in 0 ms
18:14:29.817 [main] DEBUG org.springframework.test.web.servlet.TestDispatcherServlet -- DELETE "/plantes/1", parameters={}
18:14:29.817 [main] DEBUG org.springframework.web.servlet.mvc.method.annotation.RequestMappingHandlerMapping -- Mapped to com.oxyl.coursepfback.controller.PlanteController#deletePlante(int)
18:14:29.818 [main] INFO com.oxyl.coursepfback.controller.PlanteController --  Suppression de la plante avec ID: 1
18:14:29.818 [main] DEBUG org.springframework.web.servlet.mvc.method.annotation.HttpEntityMethodProcessor -- Using 'application/json', given [*/*] and supported [application/json]
18:14:29.819 [main] DEBUG org.springframework.web.servlet.mvc.method.annotation.HttpEntityMethodProcessor -- Nothing to write: null body
18:14:29.819 [main] DEBUG org.springframework.test.web.servlet.TestDispatcherServlet -- Completed 204 NO_CONTENT
]]></system-out>
  </testcase>
  <testcase name="testGetPlanteById_found" classname="com.oxyl.coursepfback.controller.PlanteControllerTest" time="0.01">
    <system-out><![CDATA[18:14:29.823 [main] DEBUG _org.springframework.web.servlet.HandlerMapping.Mappings -- 
	c.o.c.c.PlanteController:
	{GET [/plantes], produces [application/json]}: getAllPlantes()
	{GET [/plantes/{id}], produces [application/json]}: getPlanteById(int)
	{POST [/plantes], consumes [application/json], produces [application/json]}: addPlante(Plante)
	{PUT [/plantes/{id}], consumes [application/json], produces [application/json]}: updatePlante(int,Plante)
	{DELETE [/plantes/{id}], produces [application/json]}: deletePlante(int)
	{GET [/plantes/validation], produces [application/json]}: validatePlantes()
18:14:29.824 [main] DEBUG org.springframework.web.servlet.mvc.method.annotation.RequestMappingHandlerMapping -- 6 mappings in org.springframework.web.servlet.mvc.method.annotation.RequestMappingHandlerMapping
18:14:29.825 [main] DEBUG org.springframework.web.servlet.mvc.method.annotation.RequestMappingHandlerAdapter -- ControllerAdvice beans: 0 @ModelAttribute, 0 @InitBinder, 1 RequestBodyAdvice, 1 ResponseBodyAdvice
18:14:29.825 [main] DEBUG org.springframework.web.servlet.mvc.method.annotation.ExceptionHandlerExceptionResolver -- ControllerAdvice beans: 0 @ExceptionHandler, 1 ResponseBodyAdvice
18:14:29.825 [main] INFO org.springframework.mock.web.MockServletContext -- Initializing Spring TestDispatcherServlet ''
18:14:29.825 [main] INFO org.springframework.test.web.servlet.TestDispatcherServlet -- Initializing Servlet ''
18:14:29.825 [main] DEBUG org.springframework.test.web.servlet.TestDispatcherServlet -- Detected AcceptHeaderLocaleResolver
18:14:29.825 [main] DEBUG org.springframework.test.web.servlet.TestDispatcherServlet -- Detected FixedThemeResolver
18:14:29.825 [main] DEBUG org.springframework.test.web.servlet.TestDispatcherServlet -- Detected org.springframework.web.servlet.view.DefaultRequestToViewNameTranslator@1095d23a
18:14:29.825 [main] DEBUG org.springframework.test.web.servlet.TestDispatcherServlet -- Detected org.springframework.web.servlet.support.SessionFlashMapManager@3332c7a5
18:14:29.825 [main] DEBUG org.springframework.test.web.servlet.TestDispatcherServlet -- enableLoggingRequestDetails='false': request parameters and headers will be masked to prevent unsafe logging of potentially sensitive data
18:14:29.825 [main] INFO org.springframework.test.web.servlet.TestDispatcherServlet -- Completed initialization in 0 ms
18:14:29.827 [main] DEBUG org.springframework.test.web.servlet.TestDispatcherServlet -- GET "/plantes/2", parameters={}
18:14:29.828 [main] DEBUG org.springframework.web.servlet.mvc.method.annotation.RequestMappingHandlerMapping -- Mapped to com.oxyl.coursepfback.controller.PlanteController#getPlanteById(int)
18:14:29.828 [main] INFO com.oxyl.coursepfback.controller.PlanteController -- 🔍 Récupération de la plante avec ID: 2
18:14:29.828 [main] DEBUG org.springframework.web.servlet.mvc.method.annotation.HttpEntityMethodProcessor -- Using 'application/json', given [*/*] and supported [application/json]
18:14:29.830 [main] DEBUG org.springframework.web.servlet.mvc.method.annotation.HttpEntityMethodProcessor -- Writing [Plante{id=2, nom='Pisto-pois', pointDeVie=200, attaqueParSeconde=1.5, degatAttaque=25, cout=100, sol (truncated)...]
18:14:29.830 [main] DEBUG org.springframework.test.web.servlet.TestDispatcherServlet -- Completed 200 OK
18:14:29.830 [main] DEBUG com.jayway.jsonpath.internal.path.CompiledPath -- Evaluating path: $['nom']
]]></system-out>
  </testcase>
</testsuite>