<?xml version="1.0" encoding="UTF-8"?>
<testsuite xmlns:xsi="http://www.w3.org/2001/XMLSchema-instance" xsi:noNamespaceSchemaLocation="https://maven.apache.org/surefire/maven-surefire-plugin/xsd/surefire-test-report-3.0.xsd" version="3.0" name="com.oxyl.coursepfback.controller.MapControllerTest" time="0.076" tests="6" errors="0" skipped="0" failures="0">
  <properties>
    <property name="java.specification.version" value="21"/>
    <property name="sun.jnu.encoding" value="UTF-8"/>
    <property name="java.class.path" value="/Users/vicram/Downloads/projet_pvz/target/test-classes:/Users/vicram/Downloads/projet_pvz/target/classes:/Users/vicram/.m2/repository/org/springframework/spring-webmvc/6.2.2/spring-webmvc-6.2.2.jar:/Users/vicram/.m2/repository/org/springframework/spring-aop/6.2.2/spring-aop-6.2.2.jar:/Users/vicram/.m2/repository/org/springframework/spring-beans/6.2.2/spring-beans-6.2.2.jar:/Users/vicram/.m2/repository/org/springframework/spring-context/6.2.2/spring-context-6.2.2.jar:/Users/vicram/.m2/repository/io/micrometer/micrometer-observation/1.14.3/micrometer-observation-1.14.3.jar:/Users/vicram/.m2/repository/io/micrometer/micrometer-commons/1.14.3/micrometer-commons-1.14.3.jar:/Users/vicram/.m2/repository/org/springframework/spring-core/6.2.2/spring-core-6.2.2.jar:/Users/vicram/.m2/repository/org/springframework/spring-jcl/6.2.2/spring-jcl-6.2.2.jar:/Users/vicram/.m2/repository/org/springframework/spring-expression/6.2.2/spring-expression-6.2.2.jar:/Users/vicram/.m2/repository/org/springframework/spring-web/6.2.2/spring-web-6.2.2.jar:/Users/vicram/.m2/repository/org/springframework/spring-jdbc/6.1.13/spring-jdbc-6.1.13.jar:/Users/vicram/.m2/repository/org/springframework/spring-tx/6.1.13/spring-tx-6.1.13.jar:/Users/vicram/.m2/repository/com/mysql/mysql-connector-j/8.0.33/mysql-connector-j-8.0.33.jar:/Users/vicram/.m2/repository/com/google/protobuf/protobuf-java/3.21.9/protobuf-java-3.21.9.jar:/Users/vicram/.m2/repository/com/fasterxml/jackson/core/jackson-databind/2.18.2/jackson-databind-2.18.2.jar:/Users/vicram/.m2/repository/com/fasterxml/jackson/core/jackson-annotations/2.18.2/jackson-annotations-2.18.2.jar:/Users/vicram/.m2/repository/com/fasterxml/jackson/core/jackson-core/2.18.2/jackson-core-2.18.2.jar:/Users/vicram/.m2/repository/jakarta/servlet/jakarta.servlet-api/6.1.0/jakarta.servlet-api-6.1.0.jar:/Users/vicram/.m2/repository/org/junit/jupiter/junit-jupiter-api/5.9.3/junit-jupiter-api-5.9.3.jar:/Users/vicram/.m2/repository/org/opentest4j/opentest4j/1.2.0/opentest4j-1.2.0.jar:/Users/vicram/.m2/repository/org/junit/platform/junit-platform-commons/1.9.3/junit-platform-commons-1.9.3.jar:/Users/vicram/.m2/repository/org/apiguardian/apiguardian-api/1.1.2/apiguardian-api-1.1.2.jar:/Users/vicram/.m2/repository/org/junit/jupiter/junit-jupiter-engine/5.9.3/junit-jupiter-engine-5.9.3.jar:/Users/vicram/.m2/repository/org/junit/platform/junit-platform-engine/1.9.3/junit-platform-engine-1.9.3.jar:/Users/vicram/.m2/repository/org/mockito/mockito-core/4.0.0/mockito-core-4.0.0.jar:/Users/vicram/.m2/repository/net/bytebuddy/byte-buddy/1.11.19/byte-buddy-1.11.19.jar:/Users/vicram/.m2/repository/net/bytebuddy/byte-buddy-agent/1.11.19/byte-buddy-agent-1.11.19.jar:/Users/vicram/.m2/repository/org/objenesis/objenesis/3.2/objenesis-3.2.jar:/Users/vicram/.m2/repository/org/mockito/mockito-junit-jupiter/4.0.0/mockito-junit-jupiter-4.0.0.jar:/Users/vicram/.m2/repository/ch/qos/logback/logback-classic/1.5.16/logback-classic-1.5.16.jar:/Users/vicram/.m2/repository/ch/qos/logback/logback-core/1.5.16/logback-core-1.5.16.jar:/Users/vicram/.m2/repository/org/slf4j/slf4j-api/2.0.16/slf4j-api-2.0.16.jar:/Users/vicram/.m2/repository/org/springframework/spring-test/6.2.2/spring-test-6.2.2.jar:/Users/vicram/.m2/repository/org/hamcrest/hamcrest/2.2/hamcrest-2.2.jar:/Users/vicram/.m2/repository/com/jayway/jsonpath/json-path/2.6.0/json-path-2.6.0.jar:/Users/vicram/.m2/repository/net/minidev/json-smart/2.4.7/json-smart-2.4.7.jar:/Users/vicram/.m2/repository/net/minidev/accessors-smart/2.4.7/accessors-smart-2.4.7.jar:/Users/vicram/.m2/repository/org/ow2/asm/asm/9.1/asm-9.1.jar:"/>
    <property name="java.vm.vendor" value="Eclipse Adoptium"/>
    <property name="sun.arch.data.model" value="64"/>
    <property name="java.vendor.url" value="https://adoptium.net/"/>
    <property name="user.timezone" value="Europe/Paris"/>
    <property name="os.name" value="Mac OS X"/>
    <property name="java.vm.specification.version" value="21"/>
    <property name="sun.java.launcher" value="SUN_STANDARD"/>
    <property name="user.country" value="FR"/>
    <property name="sun.boot.library.path" value="/Library/Java/JavaVirtualMachines/temurin-21.jdk/Contents/Home/lib"/>
    <property name="sun.java.command" value="/Users/vicram/Downloads/projet_pvz/target/surefire/surefirebooter7329221493173039659.jar /Users/vicram/Downloads/projet_pvz/target/surefire 2025-04-16T18-14-28_093-jvmRun1 surefire511913184537588559tmp surefire_05123602929939349657tmp"/>
    <property name="http.nonProxyHosts" value="local|*.local|169.254/16|*.169.254/16"/>
    <property name="jdk.debug" value="release"/>
    <property name="surefire.test.class.path" value="/Users/vicram/Downloads/projet_pvz/target/test-classes:/Users/vicram/Downloads/projet_pvz/target/classes:/Users/vicram/.m2/repository/org/springframework/spring-webmvc/6.2.2/spring-webmvc-6.2.2.jar:/Users/vicram/.m2/repository/org/springframework/spring-aop/6.2.2/spring-aop-6.2.2.jar:/Users/vicram/.m2/repository/org/springframework/spring-beans/6.2.2/spring-beans-6.2.2.jar:/Users/vicram/.m2/repository/org/springframework/spring-context/6.2.2/spring-context-6.2.2.jar:/Users/vicram/.m2/repository/io/micrometer/micrometer-observation/1.14.3/micrometer-observation-1.14.3.jar:/Users/vicram/.m2/repository/io/micrometer/micrometer-commons/1.14.3/micrometer-commons-1.14.3.jar:/Users/vicram/.m2/repository/org/springframework/spring-core/6.2.2/spring-core-6.2.2.jar:/Users/vicram/.m2/repository/org/springframework/spring-jcl/6.2.2/spring-jcl-6.2.2.jar:/Users/vicram/.m2/repository/org/springframework/spring-expression/6.2.2/spring-expression-6.2.2.jar:/Users/vicram/.m2/repository/org/springframework/spring-web/6.2.2/spring-web-6.2.2.jar:/Users/vicram/.m2/repository/org/springframework/spring-jdbc/6.1.13/spring-jdbc-6.1.13.jar:/Users/vicram/.m2/repository/org/springframework/spring-tx/6.1.13/spring-tx-6.1.13.jar:/Users/vicram/.m2/repository/com/mysql/mysql-connector-j/8.0.33/mysql-connector-j-8.0.33.jar:/Users/vicram/.m2/repository/com/google/protobuf/protobuf-java/3.21.9/protobuf-java-3.21.9.jar:/Users/vicram/.m2/repository/com/fasterxml/jackson/core/jackson-databind/2.18.2/jackson-databind-2.18.2.jar:/Users/vicram/.m2/repository/com/fasterxml/jackson/core/jackson-annotations/2.18.2/jackson-annotations-2.18.2.jar:/Users/vicram/.m2/repository/com/fasterxml/jackson/core/jackson-core/2.18.2/jackson-core-2.18.2.jar:/Users/vicram/.m2/repository/jakarta/servlet/jakarta.servlet-api/6.1.0/jakarta.servlet-api-6.1.0.jar:/Users/vicram/.m2/repository/org/junit/jupiter/junit-jupiter-api/5.9.3/junit-jupiter-api-5.9.3.jar:/Users/vicram/.m2/repository/org/opentest4j/opentest4j/1.2.0/opentest4j-1.2.0.jar:/Users/vicram/.m2/repository/org/junit/platform/junit-platform-commons/1.9.3/junit-platform-commons-1.9.3.jar:/Users/vicram/.m2/repository/org/apiguardian/apiguardian-api/1.1.2/apiguardian-api-1.1.2.jar:/Users/vicram/.m2/repository/org/junit/jupiter/junit-jupiter-engine/5.9.3/junit-jupiter-engine-5.9.3.jar:/Users/vicram/.m2/repository/org/junit/platform/junit-platform-engine/1.9.3/junit-platform-engine-1.9.3.jar:/Users/vicram/.m2/repository/org/mockito/mockito-core/4.0.0/mockito-core-4.0.0.jar:/Users/vicram/.m2/repository/net/bytebuddy/byte-buddy/1.11.19/byte-buddy-1.11.19.jar:/Users/vicram/.m2/repository/net/bytebuddy/byte-buddy-agent/1.11.19/byte-buddy-agent-1.11.19.jar:/Users/vicram/.m2/repository/org/objenesis/objenesis/3.2/objenesis-3.2.jar:/Users/vicram/.m2/repository/org/mockito/mockito-junit-jupiter/4.0.0/mockito-junit-jupiter-4.0.0.jar:/Users/vicram/.m2/repository/ch/qos/logback/logback-classic/1.5.16/logback-classic-1.5.16.jar:/Users/vicram/.m2/repository/ch/qos/logback/logback-core/1.5.16/logback-core-1.5.16.jar:/Users/vicram/.m2/repository/org/slf4j/slf4j-api/2.0.16/slf4j-api-2.0.16.jar:/Users/vicram/.m2/repository/org/springframework/spring-test/6.2.2/spring-test-6.2.2.jar:/Users/vicram/.m2/repository/org/hamcrest/hamcrest/2.2/hamcrest-2.2.jar:/Users/vicram/.m2/repository/com/jayway/jsonpath/json-path/2.6.0/json-path-2.6.0.jar:/Users/vicram/.m2/repository/net/minidev/json-smart/2.4.7/json-smart-2.4.7.jar:/Users/vicram/.m2/repository/net/minidev/accessors-smart/2.4.7/accessors-smart-2.4.7.jar:/Users/vicram/.m2/repository/org/ow2/asm/asm/9.1/asm-9.1.jar:"/>
    <property name="sun.cpu.endian" value="little"/>
    <property name="user.home" value="/Users/vicram"/>
    <property name="user.language" value="fr"/>
    <property name="java.specification.vendor" value="Oracle Corporation"/>
    <property name="java.version.date" value="2024-04-16"/>
    <property name="java.home" value="/Library/Java/JavaVirtualMachines/temurin-21.jdk/Contents/Home"/>
    <property name="file.separator" value="/"/>
    <property name="basedir" value="/Users/vicram/Downloads/projet_pvz"/>
    <property name="java.vm.compressedOopsMode" value="Zero based"/>
    <property name="line.separator" value="&#10;"/>
    <property name="java.vm.specification.vendor" value="Oracle Corporation"/>
    <property name="java.specification.name" value="Java Platform API Specification"/>
    <property name="apple.awt.application.name" value="ForkedBooter"/>
    <property name="surefire.real.class.path" value="/Users/vicram/Downloads/projet_pvz/target/surefire/surefirebooter7329221493173039659.jar"/>
    <property name="sun.management.compiler" value="HotSpot 64-Bit Tiered Compilers"/>
    <property name="ftp.nonProxyHosts" value="local|*.local|169.254/16|*.169.254/16"/>
    <property name="java.runtime.version" value="21.0.3+9-LTS"/>
    <property name="user.name" value="vicram"/>
    <property name="stdout.encoding" value="UTF-8"/>
    <property name="path.separator" value=":"/>
    <property name="os.version" value="15.1.1"/>
    <property name="java.runtime.name" value="OpenJDK Runtime Environment"/>
    <property name="file.encoding" value="UTF-8"/>
    <property name="java.vm.name" value="OpenJDK 64-Bit Server VM"/>
    <property name="java.vendor.version" value="Temurin-21.0.3+9"/>
    <property name="localRepository" value="/Users/vicram/.m2/repository"/>
    <property name="java.vendor.url.bug" value="https://github.com/adoptium/adoptium-support/issues"/>
    <property name="java.io.tmpdir" value="/var/folders/60/t2zk21bj5fz3mwg549f7m0w40000gn/T/"/>
    <property name="java.version" value="21.0.3"/>
    <property name="user.dir" value="/Users/vicram/Downloads/projet_pvz"/>
    <property name="os.arch" value="aarch64"/>
    <property name="java.vm.specification.name" value="Java Virtual Machine Specification"/>
    <property name="native.encoding" value="UTF-8"/>
    <property name="java.library.path" value="/Users/vicram/Library/Java/Extensions:/Library/Java/Extensions:/Network/Library/Java/Extensions:/System/Library/Java/Extensions:/usr/lib/java:."/>
    <property name="java.vm.info" value="mixed mode"/>
    <property name="stderr.encoding" value="UTF-8"/>
    <property name="java.vendor" value="Eclipse Adoptium"/>
    <property name="java.vm.version" value="21.0.3+9-LTS"/>
    <property name="sun.io.unicode.encoding" value="UnicodeBig"/>
    <property name="socksNonProxyHosts" value="local|*.local|169.254/16|*.169.254/16"/>
    <property name="java.class.version" value="65.0"/>
  </properties>
  <testcase name="testGetCaseById_notFound" classname="com.oxyl.coursepfback.controller.MapControllerTest" time="0.03">
    <system-out><![CDATA[18:14:29.937 [main] DEBUG _org.springframework.web.servlet.HandlerMapping.Mappings -- 
	c.o.c.c.MapController:
	{GET [/maps/{id}], produces [application/json]}: getCaseById(int)
	{POST [/maps], consumes [application/json], produces [application/json]}: addCase(Map)
	{PUT [/maps/{id}], consumes [application/json], produces [application/json]}: updateCase(int,Map)
	{DELETE [/maps/{id}], produces [application/json]}: deleteCase(int)
	{GET [/maps], produces [application/json]}: getAllCases()
18:14:29.938 [main] DEBUG org.springframework.web.servlet.mvc.method.annotation.RequestMappingHandlerMapping -- 5 mappings in org.springframework.web.servlet.mvc.method.annotation.RequestMappingHandlerMapping
18:14:29.939 [main] DEBUG org.springframework.web.servlet.mvc.method.annotation.RequestMappingHandlerAdapter -- ControllerAdvice beans: 0 @ModelAttribute, 0 @InitBinder, 1 RequestBodyAdvice, 1 ResponseBodyAdvice
18:14:29.939 [main] DEBUG org.springframework.web.servlet.mvc.method.annotation.ExceptionHandlerExceptionResolver -- ControllerAdvice beans: 0 @ExceptionHandler, 1 ResponseBodyAdvice
18:14:29.939 [main] INFO org.springframework.mock.web.MockServletContext -- Initializing Spring TestDispatcherServlet ''
18:14:29.939 [main] INFO org.springframework.test.web.servlet.TestDispatcherServlet -- Initializing Servlet ''
18:14:29.939 [main] DEBUG org.springframework.test.web.servlet.TestDispatcherServlet -- Detected AcceptHeaderLocaleResolver
18:14:29.939 [main] DEBUG org.springframework.test.web.servlet.TestDispatcherServlet -- Detected FixedThemeResolver
18:14:29.939 [main] DEBUG org.springframework.test.web.servlet.TestDispatcherServlet -- Detected org.springframework.web.servlet.view.DefaultRequestToViewNameTranslator@6f6efa4f
18:14:29.939 [main] DEBUG org.springframework.test.web.servlet.TestDispatcherServlet -- Detected org.springframework.web.servlet.support.SessionFlashMapManager@4451f60c
18:14:29.939 [main] DEBUG org.springframework.test.web.servlet.TestDispatcherServlet -- enableLoggingRequestDetails='false': request parameters and headers will be masked to prevent unsafe logging of potentially sensitive data
18:14:29.939 [main] INFO org.springframework.test.web.servlet.TestDispatcherServlet -- Completed initialization in 0 ms
18:14:29.940 [main] DEBUG org.springframework.test.web.servlet.TestDispatcherServlet -- GET "/maps/999", parameters={}
18:14:29.940 [main] DEBUG org.springframework.web.servlet.mvc.method.annotation.RequestMappingHandlerMapping -- Mapped to com.oxyl.coursepfback.controller.MapController#getCaseById(int)
18:14:29.941 [main] INFO com.oxyl.coursepfback.controller.MapController -- 📥 Récupération de la case avec ID: 999
18:14:29.942 [main] WARN com.oxyl.coursepfback.controller.MapController -- ❌ Case non trouvée avec ID: 999
18:14:29.942 [main] DEBUG org.springframework.web.servlet.mvc.method.annotation.HttpEntityMethodProcessor -- Using 'application/json', given [*/*] and supported [application/json]
18:14:29.943 [main] DEBUG org.springframework.web.servlet.mvc.method.annotation.HttpEntityMethodProcessor -- Nothing to write: null body
18:14:29.944 [main] DEBUG org.springframework.test.web.servlet.TestDispatcherServlet -- Completed 404 NOT_FOUND
]]></system-out>
  </testcase>
  <testcase name="testGetAllCases" classname="com.oxyl.coursepfback.controller.MapControllerTest" time="0.008">
    <system-out><![CDATA[18:14:29.948 [main] DEBUG _org.springframework.web.servlet.HandlerMapping.Mappings -- 
	c.o.c.c.MapController:
	{GET [/maps/{id}], produces [application/json]}: getCaseById(int)
	{POST [/maps], consumes [application/json], produces [application/json]}: addCase(Map)
	{PUT [/maps/{id}], consumes [application/json], produces [application/json]}: updateCase(int,Map)
	{DELETE [/maps/{id}], produces [application/json]}: deleteCase(int)
	{GET [/maps], produces [application/json]}: getAllCases()
18:14:29.948 [main] DEBUG org.springframework.web.servlet.mvc.method.annotation.RequestMappingHandlerMapping -- 5 mappings in org.springframework.web.servlet.mvc.method.annotation.RequestMappingHandlerMapping
18:14:29.949 [main] DEBUG org.springframework.web.servlet.mvc.method.annotation.RequestMappingHandlerAdapter -- ControllerAdvice beans: 0 @ModelAttribute, 0 @InitBinder, 1 RequestBodyAdvice, 1 ResponseBodyAdvice
18:14:29.949 [main] DEBUG org.springframework.web.servlet.mvc.method.annotation.ExceptionHandlerExceptionResolver -- ControllerAdvice beans: 0 @ExceptionHandler, 1 ResponseBodyAdvice
18:14:29.949 [main] INFO org.springframework.mock.web.MockServletContext -- Initializing Spring TestDispatcherServlet ''
18:14:29.949 [main] INFO org.springframework.test.web.servlet.TestDispatcherServlet -- Initializing Servlet ''
18:14:29.950 [main] DEBUG org.springframework.test.web.servlet.TestDispatcherServlet -- Detected AcceptHeaderLocaleResolver
18:14:29.950 [main] DEBUG org.springframework.test.web.servlet.TestDispatcherServlet -- Detected FixedThemeResolver
18:14:29.950 [main] DEBUG org.springframework.test.web.servlet.TestDispatcherServlet -- Detected org.springframework.web.servlet.view.DefaultRequestToViewNameTranslator@45843650
18:14:29.950 [main] DEBUG org.springframework.test.web.servlet.TestDispatcherServlet -- Detected org.springframework.web.servlet.support.SessionFlashMapManager@72443081
18:14:29.950 [main] DEBUG org.springframework.test.web.servlet.TestDispatcherServlet -- enableLoggingRequestDetails='false': request parameters and headers will be masked to prevent unsafe logging of potentially sensitive data
18:14:29.950 [main] INFO org.springframework.test.web.servlet.TestDispatcherServlet -- Completed initialization in 1 ms
18:14:29.950 [main] DEBUG org.springframework.test.web.servlet.TestDispatcherServlet -- GET "/maps", parameters={}
18:14:29.951 [main] DEBUG org.springframework.web.servlet.mvc.method.annotation.RequestMappingHandlerMapping -- Mapped to com.oxyl.coursepfback.controller.MapController#getAllCases()
18:14:29.951 [main] INFO com.oxyl.coursepfback.controller.MapController -- 📥 Récupération de toutes les cases de la map...
18:14:29.951 [main] DEBUG org.springframework.web.servlet.mvc.method.annotation.HttpEntityMethodProcessor -- Using 'application/json', given [*/*] and supported [application/json]
18:14:29.952 [main] DEBUG org.springframework.web.servlet.mvc.method.annotation.HttpEntityMethodProcessor -- Writing [[com.oxyl.coursepfback.model.Map@6588b715]]
18:14:29.953 [main] DEBUG org.springframework.test.web.servlet.TestDispatcherServlet -- Completed 200 OK
18:14:29.953 [main] DEBUG com.jayway.jsonpath.internal.path.CompiledPath -- Evaluating path: $[0]['id_map']
]]></system-out>
  </testcase>
  <testcase name="testDeleteCase_success" classname="com.oxyl.coursepfback.controller.MapControllerTest" time="0.006">
    <system-out><![CDATA[18:14:29.956 [main] DEBUG _org.springframework.web.servlet.HandlerMapping.Mappings -- 
	c.o.c.c.MapController:
	{GET [/maps/{id}], produces [application/json]}: getCaseById(int)
	{POST [/maps], consumes [application/json], produces [application/json]}: addCase(Map)
	{PUT [/maps/{id}], consumes [application/json], produces [application/json]}: updateCase(int,Map)
	{DELETE [/maps/{id}], produces [application/json]}: deleteCase(int)
	{GET [/maps], produces [application/json]}: getAllCases()
18:14:29.957 [main] DEBUG org.springframework.web.servlet.mvc.method.annotation.RequestMappingHandlerMapping -- 5 mappings in org.springframework.web.servlet.mvc.method.annotation.RequestMappingHandlerMapping
18:14:29.957 [main] DEBUG org.springframework.web.servlet.mvc.method.annotation.RequestMappingHandlerAdapter -- ControllerAdvice beans: 0 @ModelAttribute, 0 @InitBinder, 1 RequestBodyAdvice, 1 ResponseBodyAdvice
18:14:29.958 [main] DEBUG org.springframework.web.servlet.mvc.method.annotation.ExceptionHandlerExceptionResolver -- ControllerAdvice beans: 0 @ExceptionHandler, 1 ResponseBodyAdvice
18:14:29.958 [main] INFO org.springframework.mock.web.MockServletContext -- Initializing Spring TestDispatcherServlet ''
18:14:29.958 [main] INFO org.springframework.test.web.servlet.TestDispatcherServlet -- Initializing Servlet ''
18:14:29.958 [main] DEBUG org.springframework.test.web.servlet.TestDispatcherServlet -- Detected AcceptHeaderLocaleResolver
18:14:29.958 [main] DEBUG org.springframework.test.web.servlet.TestDispatcherServlet -- Detected FixedThemeResolver
18:14:29.958 [main] DEBUG org.springframework.test.web.servlet.TestDispatcherServlet -- Detected org.springframework.web.servlet.view.DefaultRequestToViewNameTranslator@6fe595dc
18:14:29.958 [main] DEBUG org.springframework.test.web.servlet.TestDispatcherServlet -- Detected org.springframework.web.servlet.support.SessionFlashMapManager@5af5d76f
18:14:29.958 [main] DEBUG org.springframework.test.web.servlet.TestDispatcherServlet -- enableLoggingRequestDetails='false': request parameters and headers will be masked to prevent unsafe logging of potentially sensitive data
18:14:29.958 [main] INFO org.springframework.test.web.servlet.TestDispatcherServlet -- Completed initialization in 0 ms
18:14:29.959 [main] DEBUG org.springframework.test.web.servlet.TestDispatcherServlet -- DELETE "/maps/1", parameters={}
18:14:29.959 [main] DEBUG org.springframework.web.servlet.mvc.method.annotation.RequestMappingHandlerMapping -- Mapped to com.oxyl.coursepfback.controller.MapController#deleteCase(int)
18:14:29.959 [main] INFO com.oxyl.coursepfback.controller.MapController -- 🗑️ Suppression de la case avec ID: 1
18:14:29.960 [main] DEBUG org.springframework.web.servlet.mvc.method.annotation.HttpEntityMethodProcessor -- Using 'application/json', given [*/*] and supported [application/json]
18:14:29.960 [main] DEBUG org.springframework.web.servlet.mvc.method.annotation.HttpEntityMethodProcessor -- Writing ["Case supprimée !"]
18:14:29.960 [main] DEBUG org.springframework.test.web.servlet.TestDispatcherServlet -- Completed 200 OK
]]></system-out>
  </testcase>
  <testcase name="testUpdateCase_success" classname="com.oxyl.coursepfback.controller.MapControllerTest" time="0.01">
    <system-out><![CDATA[18:14:29.964 [main] DEBUG _org.springframework.web.servlet.HandlerMapping.Mappings -- 
	c.o.c.c.MapController:
	{GET [/maps/{id}], produces [application/json]}: getCaseById(int)
	{POST [/maps], consumes [application/json], produces [application/json]}: addCase(Map)
	{PUT [/maps/{id}], consumes [application/json], produces [application/json]}: updateCase(int,Map)
	{DELETE [/maps/{id}], produces [application/json]}: deleteCase(int)
	{GET [/maps], produces [application/json]}: getAllCases()
18:14:29.964 [main] DEBUG org.springframework.web.servlet.mvc.method.annotation.RequestMappingHandlerMapping -- 5 mappings in org.springframework.web.servlet.mvc.method.annotation.RequestMappingHandlerMapping
18:14:29.965 [main] DEBUG org.springframework.web.servlet.mvc.method.annotation.RequestMappingHandlerAdapter -- ControllerAdvice beans: 0 @ModelAttribute, 0 @InitBinder, 1 RequestBodyAdvice, 1 ResponseBodyAdvice
18:14:29.965 [main] DEBUG org.springframework.web.servlet.mvc.method.annotation.ExceptionHandlerExceptionResolver -- ControllerAdvice beans: 0 @ExceptionHandler, 1 ResponseBodyAdvice
18:14:29.965 [main] INFO org.springframework.mock.web.MockServletContext -- Initializing Spring TestDispatcherServlet ''
18:14:29.965 [main] INFO org.springframework.test.web.servlet.TestDispatcherServlet -- Initializing Servlet ''
18:14:29.965 [main] DEBUG org.springframework.test.web.servlet.TestDispatcherServlet -- Detected AcceptHeaderLocaleResolver
18:14:29.965 [main] DEBUG org.springframework.test.web.servlet.TestDispatcherServlet -- Detected FixedThemeResolver
18:14:29.966 [main] DEBUG org.springframework.test.web.servlet.TestDispatcherServlet -- Detected org.springframework.web.servlet.view.DefaultRequestToViewNameTranslator@4342c13
18:14:29.966 [main] DEBUG org.springframework.test.web.servlet.TestDispatcherServlet -- Detected org.springframework.web.servlet.support.SessionFlashMapManager@2ba1209b
18:14:29.966 [main] DEBUG org.springframework.test.web.servlet.TestDispatcherServlet -- enableLoggingRequestDetails='false': request parameters and headers will be masked to prevent unsafe logging of potentially sensitive data
18:14:29.966 [main] INFO org.springframework.test.web.servlet.TestDispatcherServlet -- Completed initialization in 1 ms
18:14:29.967 [main] DEBUG org.springframework.test.web.servlet.TestDispatcherServlet -- PUT "/maps/1", parameters={}
18:14:29.968 [main] DEBUG org.springframework.web.servlet.mvc.method.annotation.RequestMappingHandlerMapping -- Mapped to com.oxyl.coursepfback.controller.MapController#updateCase(int, Map)
18:14:29.970 [main] DEBUG org.springframework.web.servlet.mvc.method.annotation.RequestResponseBodyMethodProcessor -- Read "application/json" to [com.oxyl.coursepfback.model.Map@3a7b2e2]
18:14:29.970 [main] INFO com.oxyl.coursepfback.controller.MapController -- 🔄 Mise à jour de la case avec ID: 1
18:14:29.970 [main] DEBUG org.springframework.web.servlet.mvc.method.annotation.HttpEntityMethodProcessor -- Using 'application/json', given [*/*] and supported [application/json]
18:14:29.970 [main] DEBUG org.springframework.web.servlet.mvc.method.annotation.HttpEntityMethodProcessor -- Writing ["Case mise à jour !"]
18:14:29.971 [main] DEBUG org.springframework.test.web.servlet.TestDispatcherServlet -- Completed 200 OK
]]></system-out>
  </testcase>
  <testcase name="testAddCase_success" classname="com.oxyl.coursepfback.controller.MapControllerTest" time="0.009">
    <system-out><![CDATA[18:14:29.974 [main] DEBUG _org.springframework.web.servlet.HandlerMapping.Mappings -- 
	c.o.c.c.MapController:
	{GET [/maps/{id}], produces [application/json]}: getCaseById(int)
	{POST [/maps], consumes [application/json], produces [application/json]}: addCase(Map)
	{PUT [/maps/{id}], consumes [application/json], produces [application/json]}: updateCase(int,Map)
	{DELETE [/maps/{id}], produces [application/json]}: deleteCase(int)
	{GET [/maps], produces [application/json]}: getAllCases()
18:14:29.974 [main] DEBUG org.springframework.web.servlet.mvc.method.annotation.RequestMappingHandlerMapping -- 5 mappings in org.springframework.web.servlet.mvc.method.annotation.RequestMappingHandlerMapping
18:14:29.975 [main] DEBUG org.springframework.web.servlet.mvc.method.annotation.RequestMappingHandlerAdapter -- ControllerAdvice beans: 0 @ModelAttribute, 0 @InitBinder, 1 RequestBodyAdvice, 1 ResponseBodyAdvice
18:14:29.975 [main] DEBUG org.springframework.web.servlet.mvc.method.annotation.ExceptionHandlerExceptionResolver -- ControllerAdvice beans: 0 @ExceptionHandler, 1 ResponseBodyAdvice
18:14:29.975 [main] INFO org.springframework.mock.web.MockServletContext -- Initializing Spring TestDispatcherServlet ''
18:14:29.975 [main] INFO org.springframework.test.web.servlet.TestDispatcherServlet -- Initializing Servlet ''
18:14:29.975 [main] DEBUG org.springframework.test.web.servlet.TestDispatcherServlet -- Detected AcceptHeaderLocaleResolver
18:14:29.975 [main] DEBUG org.springframework.test.web.servlet.TestDispatcherServlet -- Detected FixedThemeResolver
18:14:29.975 [main] DEBUG org.springframework.test.web.servlet.TestDispatcherServlet -- Detected org.springframework.web.servlet.view.DefaultRequestToViewNameTranslator@18d11527
18:14:29.975 [main] DEBUG org.springframework.test.web.servlet.TestDispatcherServlet -- Detected org.springframework.web.servlet.support.SessionFlashMapManager@4998e74b
18:14:29.975 [main] DEBUG org.springframework.test.web.servlet.TestDispatcherServlet -- enableLoggingRequestDetails='false': request parameters and headers will be masked to prevent unsafe logging of potentially sensitive data
18:14:29.975 [main] INFO org.springframework.test.web.servlet.TestDispatcherServlet -- Completed initialization in 0 ms
18:14:29.977 [main] DEBUG org.springframework.test.web.servlet.TestDispatcherServlet -- POST "/maps", parameters={}
18:14:29.978 [main] DEBUG org.springframework.web.servlet.mvc.method.annotation.RequestMappingHandlerMapping -- Mapped to com.oxyl.coursepfback.controller.MapController#addCase(Map)
18:14:29.979 [main] DEBUG org.springframework.web.servlet.mvc.method.annotation.RequestResponseBodyMethodProcessor -- Read "application/json" to [com.oxyl.coursepfback.model.Map@28279a49]
18:14:29.979 [main] INFO com.oxyl.coursepfback.controller.MapController -- ➕ Ajout d'une nouvelle case à la map (ligne: 2, colonne: 3)
18:14:29.979 [main] DEBUG org.springframework.web.servlet.mvc.method.annotation.HttpEntityMethodProcessor -- Using 'application/json', given [*/*] and supported [application/json]
18:14:29.979 [main] DEBUG org.springframework.web.servlet.mvc.method.annotation.HttpEntityMethodProcessor -- Writing ["Case ajoutée !"]
18:14:29.980 [main] DEBUG org.springframework.test.web.servlet.TestDispatcherServlet -- Completed 201 CREATED
]]></system-out>
  </testcase>
  <testcase name="testGetCaseById_found" classname="com.oxyl.coursepfback.controller.MapControllerTest" time="0.01">
    <system-out><![CDATA[18:14:29.985 [main] DEBUG _org.springframework.web.servlet.HandlerMapping.Mappings -- 
	c.o.c.c.MapController:
	{GET [/maps/{id}], produces [application/json]}: getCaseById(int)
	{POST [/maps], consumes [application/json], produces [application/json]}: addCase(Map)
	{PUT [/maps/{id}], consumes [application/json], produces [application/json]}: updateCase(int,Map)
	{DELETE [/maps/{id}], produces [application/json]}: deleteCase(int)
	{GET [/maps], produces [application/json]}: getAllCases()
18:14:29.986 [main] DEBUG org.springframework.web.servlet.mvc.method.annotation.RequestMappingHandlerMapping -- 5 mappings in org.springframework.web.servlet.mvc.method.annotation.RequestMappingHandlerMapping
18:14:29.987 [main] DEBUG org.springframework.web.servlet.mvc.method.annotation.RequestMappingHandlerAdapter -- ControllerAdvice beans: 0 @ModelAttribute, 0 @InitBinder, 1 RequestBodyAdvice, 1 ResponseBodyAdvice
18:14:29.987 [main] DEBUG org.springframework.web.servlet.mvc.method.annotation.ExceptionHandlerExceptionResolver -- ControllerAdvice beans: 0 @ExceptionHandler, 1 ResponseBodyAdvice
18:14:29.987 [main] INFO org.springframework.mock.web.MockServletContext -- Initializing Spring TestDispatcherServlet ''
18:14:29.987 [main] INFO org.springframework.test.web.servlet.TestDispatcherServlet -- Initializing Servlet ''
18:14:29.987 [main] DEBUG org.springframework.test.web.servlet.TestDispatcherServlet -- Detected AcceptHeaderLocaleResolver
18:14:29.987 [main] DEBUG org.springframework.test.web.servlet.TestDispatcherServlet -- Detected FixedThemeResolver
18:14:29.987 [main] DEBUG org.springframework.test.web.servlet.TestDispatcherServlet -- Detected org.springframework.web.servlet.view.DefaultRequestToViewNameTranslator@1f992a3a
18:14:29.987 [main] DEBUG org.springframework.test.web.servlet.TestDispatcherServlet -- Detected org.springframework.web.servlet.support.SessionFlashMapManager@30bf26df
18:14:29.987 [main] DEBUG org.springframework.test.web.servlet.TestDispatcherServlet -- enableLoggingRequestDetails='false': request parameters and headers will be masked to prevent unsafe logging of potentially sensitive data
18:14:29.987 [main] INFO org.springframework.test.web.servlet.TestDispatcherServlet -- Completed initialization in 0 ms
18:14:29.988 [main] DEBUG org.springframework.test.web.servlet.TestDispatcherServlet -- GET "/maps/1", parameters={}
18:14:29.988 [main] DEBUG org.springframework.web.servlet.mvc.method.annotation.RequestMappingHandlerMapping -- Mapped to com.oxyl.coursepfback.controller.MapController#getCaseById(int)
18:14:29.988 [main] INFO com.oxyl.coursepfback.controller.MapController -- 📥 Récupération de la case avec ID: 1
18:14:29.988 [main] DEBUG org.springframework.web.servlet.mvc.method.annotation.HttpEntityMethodProcessor -- Using 'application/json', given [*/*] and supported [application/json]
18:14:29.989 [main] DEBUG org.springframework.web.servlet.mvc.method.annotation.HttpEntityMethodProcessor -- Writing [com.oxyl.coursepfback.model.Map@6f9e08d4]
18:14:29.989 [main] DEBUG org.springframework.test.web.servlet.TestDispatcherServlet -- Completed 200 OK
18:14:29.990 [main] DEBUG com.jayway.jsonpath.internal.path.CompiledPath -- Evaluating path: $['ligne']
]]></system-out>
  </testcase>
</testsuite>